============================= test session starts =============================
platform win32 -- Python 3.12.0, pytest-9.0.2, pluggy-1.6.0 -- C:\Users\lwpar\AppData\Local\Programs\Python\Python312\python.exe
cachedir: .pytest_cache
rootdir: C:\dev\ipm-bot
configfile: pyproject.toml
plugins: anyio-4.10.0, cov-7.0.0
collecting ... collected 7 items

tests/test_receipt_store.py::ReceiptStoreTests::test_main_writes_receipt_and_prints_path FAILED [ 14%]
tests/test_receipt_store.py::ReceiptStoreTests::test_write_receipt_creates_directory_and_json PASSED [ 28%]
tests/test_receipt_store.py::ReceiptStoreTests::test_write_receipt_includes_explicit_adb_pull_save_source_fields PASSED [ 42%]
tests/test_receipt_store.py::ReceiptStoreTests::test_write_receipt_includes_explicit_vhdx_and_actuator_config_fields PASSED [ 57%]
tests/test_receipt_store.py::ReceiptStoreTests::test_write_receipt_leaves_missing_probe_artifact_paths_null_when_source_unavailable PASSED [ 71%]
tests/test_receipt_store.py::ReceiptStoreTests::test_write_receipt_marks_manual_observation_mode_and_config PASSED [ 85%]
tests/test_receipt_store.py::ReceiptStoreTests::test_write_receipt_persists_stage_events_probe_samples_and_raw_artifacts PASSED [100%]

================================== FAILURES ===================================
_________ ReceiptStoreTests.test_main_writes_receipt_and_prints_path __________

self = <test_receipt_store.ReceiptStoreTests testMethod=test_main_writes_receipt_and_prints_path>

    def test_main_writes_receipt_and_prints_path(self) -> None:
        with tempfile.TemporaryDirectory() as tmpdir:
            repo_tmp = Path(tmpdir)
            save_path = repo_tmp / "save.json"
            save_path.write_text(
                json.dumps(
                    {
                        "adBoostActive": False,
                        "adsWatched": 1,
                        "saveTimestamp": "2026-03-22T14:31:05",
                        "arkRewardReadyToClaim": False,
                        "playerLevel": 5,
                    }
                ),
                encoding="utf-8",
            )
            output_dir = repo_tmp / "logs" / "receipts"
            receipt = _sample_receipt()
            stdout = io.StringIO()
    
            def _write_to_temp(receipt_to_write: ActionAttemptReceipt) -> Path:
                return write_receipt(
                    receipt_to_write,
                    output_dir=output_dir,
                    written_at=datetime(2026, 3, 22, 14, 31, 5, tzinfo=timezone.utc),
                )
    
            with (
                patch("sys.argv", ["ipm_bot.main", str(save_path)]),
                patch("sys.stdout", stdout),
                patch("ipm_bot.main.run_action_until_verified", return_value=receipt),
                patch("ipm_bot.main.write_receipt", side_effect=_write_to_temp),
            ):
                exit_code = main()
    
            written_files = list(output_dir.glob("*.json"))
>           self.assertEqual(exit_code, 0)
E           AssertionError: 3 != 0

tests\test_receipt_store.py:486: AssertionError
---------------------------- Captured stderr call -----------------------------
Error: Receipt planner decision action must match receipt action.
=========================== short test summary info ===========================
FAILED tests/test_receipt_store.py::ReceiptStoreTests::test_main_writes_receipt_and_prints_path - AssertionError: 3 != 0
========================= 1 failed, 6 passed in 0.16s =========================
